2020-07-27 20:44:07 INFO  TestNGEngineForDesiredSuites:51 - INFO: The value found with Environment variable Falcon is: Falcon
2020-07-27 20:44:07 INFO  TestNGEngineForDesiredSuites:51 - INFO: The value found with Environment Module variable sample is: sample
2020-07-27 20:44:07 INFO  TestNGEngineForDesiredSuites:51 - The value found with Environment variable WIN_7_chrome_53 is: WIN_7_chrome_53
2020-07-27 20:44:11 DEBUG SimpleXMLErrorHandler:40 - Fatal Error in Parsing XML Doucment. XML is not well formed: The markup declarations contained or pointed to by the document type declaration must be well-formed.
2020-07-28 19:46:47 INFO  TestNGEngineForDesiredSuites:51 - INFO: The value found with Environment variable Falcon is: Falcon
2020-07-28 19:46:47 INFO  TestNGEngineForDesiredSuites:51 - INFO: The value found with Environment Module variable sample is: sample
2020-07-28 19:46:47 INFO  TestNGEngineForDesiredSuites:51 - The value found with Environment variable WIN_7_chrome_53 is: WIN_7_chrome_53
2020-07-28 19:56:20 INFO  TestNGEngineForDesiredSuites:51 - INFO: The value found with Environment variable Falcon is: Falcon
2020-07-28 19:56:20 INFO  TestNGEngineForDesiredSuites:51 - INFO: The value found with Environment Module variable sample is: sample
2020-07-28 19:56:20 INFO  TestNGEngineForDesiredSuites:51 - The value found with Environment variable WIN_10_chrome_84 is: WIN_10_chrome_84
2020-07-28 19:56:21 DEBUG SimpleXMLErrorHandler:40 - Fatal Error in Parsing XML Doucment. XML is not well formed: The markup declarations contained or pointed to by the document type declaration must be well-formed.
2020-07-28 20:01:33 INFO  TestNGEngineForDesiredSuites:51 - INFO: The value found with Environment variable Falcon is: Falcon
2020-07-28 20:01:33 INFO  TestNGEngineForDesiredSuites:51 - INFO: The value found with Environment Module variable sample is: sample
2020-07-28 20:01:33 INFO  TestNGEngineForDesiredSuites:51 - The value found with Environment variable WIN_10_chrome_84 is: WIN_10_chrome_84
2020-07-28 20:01:34 DEBUG SimpleXMLErrorHandler:40 - Fatal Error in Parsing XML Doucment. XML is not well formed: The markup declarations contained or pointed to by the document type declaration must be well-formed.
2020-07-28 20:03:53 INFO  TestNGEngineForDesiredSuites:51 - INFO: The value found with Environment variable Falcon is: Falcon
2020-07-28 20:03:53 INFO  TestNGEngineForDesiredSuites:51 - INFO: The value found with Environment Module variable sample is: sample
2020-07-28 20:03:53 INFO  TestNGEngineForDesiredSuites:51 - The value found with Environment variable WIN_10_chrome_84 is: WIN_10_chrome_84
2020-07-28 20:03:53 INFO  TestNGEngineForDesiredSuites:51 - INFO: Clients Found: [Falcon]

2020-07-28 20:03:53 INFO  TestNGEngineForDesiredSuites:51 - INFO: Modules Selected: [sample]

2020-07-28 20:03:53 INFO  TestNGEngineForDesiredSuites:51 - INFO: New Suite Created with name: Falcon-Sample-WIN_10_chrome_84
2020-07-28 20:03:53 INFO  TestNGEngineForDesiredSuites:51 - <?xml version="1.0" encoding="UTF-8"?>
<!DOCTYPE suite SYSTEM "http://testng.org/testng-1.0.dtd">
<suite name="Falcon-Sample-WIN_10_chrome_84">
  <parameter name="os" value="WIN"/>
  <parameter name="osVersion" value="10"/>
  <parameter name="browser" value="chrome"/>
  <parameter name="browserVersion" value="84"/>
  <test thread-count="5" name="SampleTest">
    <classes>
      <class name="com.atmecs.falcon.falcon_ui_test.testscript.NsmAnchorTest"/>
    </classes>
  </test> <!-- SampleTest -->
</suite> <!-- Falcon-Sample-WIN_10_chrome_84 -->

2020-07-28 20:07:06 INFO  TestNGEngineForDesiredSuites:51 - INFO: The value found with Environment variable Falcon is: Falcon
2020-07-28 20:07:06 INFO  TestNGEngineForDesiredSuites:51 - INFO: The value found with Environment Module variable sample is: sample
2020-07-28 20:07:06 INFO  TestNGEngineForDesiredSuites:51 - The value found with Environment variable WIN_10_chrome_84 is: WIN_10_chrome_84
2020-07-28 20:07:06 INFO  TestNGEngineForDesiredSuites:51 - INFO: Clients Found: [Falcon]

2020-07-28 20:07:06 INFO  TestNGEngineForDesiredSuites:51 - INFO: Modules Selected: [sample]

2020-07-28 20:07:06 INFO  TestNGEngineForDesiredSuites:51 - INFO: New Suite Created with name: Falcon-Sample-WIN_10_chrome_84
2020-07-28 20:07:06 INFO  TestNGEngineForDesiredSuites:51 - <?xml version="1.0" encoding="UTF-8"?>
<!DOCTYPE suite SYSTEM "http://testng.org/testng-1.0.dtd">
<suite name="Falcon-Sample-WIN_10_chrome_84">
  <parameter name="os" value="WIN"/>
  <parameter name="osVersion" value="10"/>
  <parameter name="browser" value="chrome"/>
  <parameter name="browserVersion" value="84"/>
  <test thread-count="5" name="SampleTest">
    <classes>
      <class name="com.atmecs.falcon.falcon_ui_test.testscript.NsmAnchorTest"/>
    </classes>
  </test> <!-- SampleTest -->
</suite> <!-- Falcon-Sample-WIN_10_chrome_84 -->

2020-07-28 20:09:00 INFO  TestNGEngineForDesiredSuites:51 - INFO: The value found with Environment variable Falcon is: Falcon
2020-07-28 20:09:00 INFO  TestNGEngineForDesiredSuites:51 - INFO: The value found with Environment Module variable sample is: sample
2020-07-28 20:09:00 INFO  TestNGEngineForDesiredSuites:51 - The value found with Environment variable WIN_10_chrome_84 is: WIN_10_chrome_84
2020-07-28 20:09:00 INFO  TestNGEngineForDesiredSuites:51 - INFO: Clients Found: [Falcon]

2020-07-28 20:09:00 INFO  TestNGEngineForDesiredSuites:51 - INFO: Modules Selected: [sample]

2020-07-28 20:09:00 INFO  TestNGEngineForDesiredSuites:51 - INFO: New Suite Created with name: Falcon-Sample-WIN_10_chrome_84
2020-07-28 20:09:00 INFO  TestNGEngineForDesiredSuites:51 - <?xml version="1.0" encoding="UTF-8"?>
<!DOCTYPE suite SYSTEM "http://testng.org/testng-1.0.dtd">
<suite name="Falcon-Sample-WIN_10_chrome_84">
  <parameter name="os" value="WIN"/>
  <parameter name="osVersion" value="10"/>
  <parameter name="browser" value="chrome"/>
  <parameter name="browserVersion" value="84"/>
  <test thread-count="5" name="SampleTest">
    <classes>
      <class name="com.atmecs.falcon.falcon_ui_test.testscript.NsmAnchorTest"/>
    </classes>
  </test> <!-- SampleTest -->
</suite> <!-- Falcon-Sample-WIN_10_chrome_84 -->

2020-07-28 20:12:22 INFO  TestNGEngineForDesiredSuites:51 - INFO: The value found with Environment variable Falcon is: Falcon
2020-07-28 20:12:22 INFO  TestNGEngineForDesiredSuites:51 - INFO: The value found with Environment Module variable sample is: sample
2020-07-28 20:12:22 INFO  TestNGEngineForDesiredSuites:51 - The value found with Environment variable WIN_10_chrome_84 is: WIN_10_chrome_84
2020-07-28 20:12:22 INFO  TestNGEngineForDesiredSuites:51 - INFO: Clients Found: [Falcon]

2020-07-28 20:12:22 INFO  TestNGEngineForDesiredSuites:51 - INFO: Modules Selected: [sample]

2020-07-28 20:12:22 INFO  TestNGEngineForDesiredSuites:51 - INFO: New Suite Created with name: Falcon-Sample-WIN_10_chrome_84
2020-07-28 20:12:22 INFO  TestNGEngineForDesiredSuites:51 - <?xml version="1.0" encoding="UTF-8"?>
<!DOCTYPE suite SYSTEM "http://testng.org/testng-1.0.dtd">
<suite name="Falcon-Sample-WIN_10_chrome_84">
  <parameter name="os" value="WIN"/>
  <parameter name="osVersion" value="10"/>
  <parameter name="browser" value="chrome"/>
  <parameter name="browserVersion" value="84"/>
  <test thread-count="5" name="SampleTest">
    <classes>
      <class name="com.atmecs.falcon.falcon_ui_test.testscript.NsmAnchorTest"/>
    </classes>
  </test> <!-- SampleTest -->
</suite> <!-- Falcon-Sample-WIN_10_chrome_84 -->

2020-07-28 20:15:31 INFO  TestNGEngineForDesiredSuites:51 - INFO: The value found with Environment variable Falcon is: Falcon
2020-07-28 20:15:31 INFO  TestNGEngineForDesiredSuites:51 - INFO: The value found with Environment Module variable sample is: sample
2020-07-28 20:15:31 INFO  TestNGEngineForDesiredSuites:51 - The value found with Environment variable WIN_10_chrome_84 is: WIN_10_chrome_84
2020-07-28 20:15:31 INFO  TestNGEngineForDesiredSuites:51 - INFO: Clients Found: [Falcon]

2020-07-28 20:15:31 INFO  TestNGEngineForDesiredSuites:51 - INFO: Modules Selected: [sample]

2020-07-28 20:15:31 INFO  TestNGEngineForDesiredSuites:51 - INFO: New Suite Created with name: Falcon-Sample-WIN_10_chrome_84
2020-07-28 20:15:31 INFO  TestNGEngineForDesiredSuites:51 - <?xml version="1.0" encoding="UTF-8"?>
<!DOCTYPE suite SYSTEM "http://testng.org/testng-1.0.dtd">
<suite name="Falcon-Sample-WIN_10_chrome_84">
  <parameter name="os" value="WIN"/>
  <parameter name="osVersion" value="10"/>
  <parameter name="browser" value="chrome"/>
  <parameter name="browserVersion" value="84"/>
  <test thread-count="5" name="SampleTest">
    <classes>
      <class name="com.atmecs.falcon.falcon_ui_test.testscript.NsmAnchorTest"/>
    </classes>
  </test> <!-- SampleTest -->
</suite> <!-- Falcon-Sample-WIN_10_chrome_84 -->

2020-07-29 11:35:55 INFO  TestNGEngineForDesiredSuites:51 - INFO: The value found with Environment variable Falcon is: Falcon
2020-07-29 11:35:55 INFO  TestNGEngineForDesiredSuites:51 - INFO: The value found with Environment Module variable sample is: sample
2020-07-29 11:35:55 INFO  TestNGEngineForDesiredSuites:51 - The value found with Environment variable WIN_10_chrome_84 is: WIN_10_chrome_84
2020-07-29 11:35:56 INFO  TestNGEngineForDesiredSuites:51 - INFO: Clients Found: [Falcon]

2020-07-29 11:35:56 INFO  TestNGEngineForDesiredSuites:51 - INFO: Modules Selected: [sample]

2020-07-29 11:35:56 INFO  TestNGEngineForDesiredSuites:51 - INFO: New Suite Created with name: Falcon-Sample-WIN_10_chrome_84
2020-07-29 11:35:56 INFO  TestNGEngineForDesiredSuites:51 - <?xml version="1.0" encoding="UTF-8"?>
<!DOCTYPE suite SYSTEM "http://testng.org/testng-1.0.dtd">
<suite name="Falcon-Sample-WIN_10_chrome_84">
  <parameter name="os" value="WIN"/>
  <parameter name="osVersion" value="10"/>
  <parameter name="browser" value="chrome"/>
  <parameter name="browserVersion" value="84"/>
  <test thread-count="5" name="SampleTest">
    <classes>
      <class name="com.atmecs.falcon.falcon_ui_test.testscript.NsmAnchorTest"/>
    </classes>
  </test> <!-- SampleTest -->
</suite> <!-- Falcon-Sample-WIN_10_chrome_84 -->

2020-07-29 11:43:57 INFO  TestNGEngineForDesiredSuites:51 - INFO: The value found with Environment variable Falcon is: Falcon
2020-07-29 11:43:57 INFO  TestNGEngineForDesiredSuites:51 - INFO: The value found with Environment Module variable sample is: sample
2020-07-29 11:43:57 INFO  TestNGEngineForDesiredSuites:51 - The value found with Environment variable WIN_10_chrome_84 is: WIN_10_chrome_84
2020-07-29 11:43:57 INFO  TestNGEngineForDesiredSuites:51 - INFO: Clients Found: [Falcon]

2020-07-29 11:43:57 INFO  TestNGEngineForDesiredSuites:51 - INFO: Modules Selected: [sample]

2020-07-29 11:43:57 INFO  TestNGEngineForDesiredSuites:51 - INFO: New Suite Created with name: Falcon-Sample-WIN_10_chrome_84
2020-07-29 11:43:57 INFO  TestNGEngineForDesiredSuites:51 - <?xml version="1.0" encoding="UTF-8"?>
<!DOCTYPE suite SYSTEM "http://testng.org/testng-1.0.dtd">
<suite name="Falcon-Sample-WIN_10_chrome_84">
  <parameter name="os" value="WIN"/>
  <parameter name="osVersion" value="10"/>
  <parameter name="browser" value="chrome"/>
  <parameter name="browserVersion" value="84"/>
  <test thread-count="5" name="SampleTest">
    <classes>
      <class name="com.atmecs.falcon.falcon_ui_test.testscript.NsmContactUsTest"/>
    </classes>
  </test> <!-- SampleTest -->
</suite> <!-- Falcon-Sample-WIN_10_chrome_84 -->

2020-07-29 11:53:03 INFO  TestNGEngineForDesiredSuites:51 - INFO: The value found with Environment variable Falcon is: Falcon
2020-07-29 11:53:03 INFO  TestNGEngineForDesiredSuites:51 - INFO: The value found with Environment Module variable sample is: sample
2020-07-29 11:53:03 INFO  TestNGEngineForDesiredSuites:51 - The value found with Environment variable WIN_10_chrome_84 is: WIN_10_chrome_84
2020-07-29 11:53:03 INFO  TestNGEngineForDesiredSuites:51 - INFO: Clients Found: [Falcon]

2020-07-29 11:53:03 INFO  TestNGEngineForDesiredSuites:51 - INFO: Modules Selected: [sample]

2020-07-29 11:53:03 INFO  TestNGEngineForDesiredSuites:51 - INFO: New Suite Created with name: Falcon-Sample-WIN_10_chrome_84
2020-07-29 11:53:03 INFO  TestNGEngineForDesiredSuites:51 - <?xml version="1.0" encoding="UTF-8"?>
<!DOCTYPE suite SYSTEM "http://testng.org/testng-1.0.dtd">
<suite name="Falcon-Sample-WIN_10_chrome_84">
  <parameter name="os" value="WIN"/>
  <parameter name="osVersion" value="10"/>
  <parameter name="browser" value="chrome"/>
  <parameter name="browserVersion" value="84"/>
  <test thread-count="5" name="SampleTest">
    <classes>
      <class name="com.atmecs.falcon.falcon_ui_test.testscript.NsmContactUsTest"/>
    </classes>
  </test> <!-- SampleTest -->
</suite> <!-- Falcon-Sample-WIN_10_chrome_84 -->

2020-07-29 11:55:16 INFO  TestNGEngineForDesiredSuites:51 - INFO: The value found with Environment variable Falcon is: Falcon
2020-07-29 11:55:16 INFO  TestNGEngineForDesiredSuites:51 - INFO: The value found with Environment Module variable sample is: sample
2020-07-29 11:55:16 INFO  TestNGEngineForDesiredSuites:51 - The value found with Environment variable WIN_10_chrome_84 is: WIN_10_chrome_84
2020-07-29 11:55:16 INFO  TestNGEngineForDesiredSuites:51 - INFO: Clients Found: [Falcon]

2020-07-29 11:55:16 INFO  TestNGEngineForDesiredSuites:51 - INFO: Modules Selected: [sample]

2020-07-29 11:55:16 INFO  TestNGEngineForDesiredSuites:51 - INFO: New Suite Created with name: Falcon-Sample-WIN_10_chrome_84
2020-07-29 11:55:16 INFO  TestNGEngineForDesiredSuites:51 - <?xml version="1.0" encoding="UTF-8"?>
<!DOCTYPE suite SYSTEM "http://testng.org/testng-1.0.dtd">
<suite name="Falcon-Sample-WIN_10_chrome_84">
  <parameter name="os" value="WIN"/>
  <parameter name="osVersion" value="10"/>
  <parameter name="browser" value="chrome"/>
  <parameter name="browserVersion" value="84"/>
  <test thread-count="5" name="SampleTest">
    <classes>
      <class name="com.atmecs.falcon.falcon_ui_test.testscript.NsmContactUsTest"/>
    </classes>
  </test> <!-- SampleTest -->
</suite> <!-- Falcon-Sample-WIN_10_chrome_84 -->

2020-07-29 12:02:08 INFO  TestNGEngineForDesiredSuites:51 - INFO: The value found with Environment variable Falcon is: Falcon
2020-07-29 12:02:08 INFO  TestNGEngineForDesiredSuites:51 - INFO: The value found with Environment Module variable sample is: sample
2020-07-29 12:02:08 INFO  TestNGEngineForDesiredSuites:51 - The value found with Environment variable WIN_10_chrome_84 is: WIN_10_chrome_84
2020-07-29 12:02:09 INFO  TestNGEngineForDesiredSuites:51 - INFO: Clients Found: [Falcon]

2020-07-29 12:02:09 INFO  TestNGEngineForDesiredSuites:51 - INFO: Modules Selected: [sample]

2020-07-29 12:02:09 INFO  TestNGEngineForDesiredSuites:51 - INFO: New Suite Created with name: Falcon-Sample-WIN_10_chrome_84
2020-07-29 12:02:09 INFO  TestNGEngineForDesiredSuites:51 - <?xml version="1.0" encoding="UTF-8"?>
<!DOCTYPE suite SYSTEM "http://testng.org/testng-1.0.dtd">
<suite name="Falcon-Sample-WIN_10_chrome_84">
  <parameter name="os" value="WIN"/>
  <parameter name="osVersion" value="10"/>
  <parameter name="browser" value="chrome"/>
  <parameter name="browserVersion" value="84"/>
  <test thread-count="5" name="SampleTest">
    <classes>
      <class name="com.atmecs.falcon.falcon_ui_test.testscript.NsmContactUsTest"/>
    </classes>
  </test> <!-- SampleTest -->
</suite> <!-- Falcon-Sample-WIN_10_chrome_84 -->

2020-07-29 12:03:47 INFO  TestNGEngineForDesiredSuites:51 - INFO: The value found with Environment variable Falcon is: Falcon
2020-07-29 12:03:47 INFO  TestNGEngineForDesiredSuites:51 - INFO: The value found with Environment Module variable sample is: sample
2020-07-29 12:03:47 INFO  TestNGEngineForDesiredSuites:51 - The value found with Environment variable WIN_10_chrome_84 is: WIN_10_chrome_84
2020-07-29 12:03:47 INFO  TestNGEngineForDesiredSuites:51 - INFO: Clients Found: [Falcon]

2020-07-29 12:03:47 INFO  TestNGEngineForDesiredSuites:51 - INFO: Modules Selected: [sample]

2020-07-29 12:03:47 INFO  TestNGEngineForDesiredSuites:51 - INFO: New Suite Created with name: Falcon-Sample-WIN_10_chrome_84
2020-07-29 12:03:47 INFO  TestNGEngineForDesiredSuites:51 - <?xml version="1.0" encoding="UTF-8"?>
<!DOCTYPE suite SYSTEM "http://testng.org/testng-1.0.dtd">
<suite name="Falcon-Sample-WIN_10_chrome_84">
  <parameter name="os" value="WIN"/>
  <parameter name="osVersion" value="10"/>
  <parameter name="browser" value="chrome"/>
  <parameter name="browserVersion" value="84"/>
  <test thread-count="5" name="SampleTest">
    <classes>
      <class name="com.atmecs.falcon.falcon_ui_test.testscript.NsmContactUsTest"/>
    </classes>
  </test> <!-- SampleTest -->
</suite> <!-- Falcon-Sample-WIN_10_chrome_84 -->

2020-07-29 12:05:26 INFO  TestNGEngineForDesiredSuites:51 - INFO: The value found with Environment variable Falcon is: Falcon
2020-07-29 12:05:26 INFO  TestNGEngineForDesiredSuites:51 - INFO: The value found with Environment Module variable sample is: sample
2020-07-29 12:05:26 INFO  TestNGEngineForDesiredSuites:51 - The value found with Environment variable WIN_10_chrome_84 is: WIN_10_chrome_84
2020-07-29 12:05:26 INFO  TestNGEngineForDesiredSuites:51 - INFO: Clients Found: [Falcon]

2020-07-29 12:05:26 INFO  TestNGEngineForDesiredSuites:51 - INFO: Modules Selected: [sample]

2020-07-29 12:05:26 INFO  TestNGEngineForDesiredSuites:51 - INFO: New Suite Created with name: Falcon-Sample-WIN_10_chrome_84
2020-07-29 12:05:26 INFO  TestNGEngineForDesiredSuites:51 - <?xml version="1.0" encoding="UTF-8"?>
<!DOCTYPE suite SYSTEM "http://testng.org/testng-1.0.dtd">
<suite name="Falcon-Sample-WIN_10_chrome_84">
  <parameter name="os" value="WIN"/>
  <parameter name="osVersion" value="10"/>
  <parameter name="browser" value="chrome"/>
  <parameter name="browserVersion" value="84"/>
  <test thread-count="5" name="SampleTest">
    <classes>
      <class name="com.atmecs.falcon.falcon_ui_test.testscript.NsmContactUsTest"/>
    </classes>
  </test> <!-- SampleTest -->
</suite> <!-- Falcon-Sample-WIN_10_chrome_84 -->

2020-07-29 12:19:44 INFO  TestNGEngineForDesiredSuites:51 - INFO: The value found with Environment variable Falcon is: Falcon
2020-07-29 12:19:44 INFO  TestNGEngineForDesiredSuites:51 - INFO: The value found with Environment Module variable sample is: sample
2020-07-29 12:19:44 INFO  TestNGEngineForDesiredSuites:51 - The value found with Environment variable WIN_10_chrome_84 is: WIN_10_chrome_84
2020-07-29 12:19:44 INFO  TestNGEngineForDesiredSuites:51 - INFO: Clients Found: [Falcon]

2020-07-29 12:19:44 INFO  TestNGEngineForDesiredSuites:51 - INFO: Modules Selected: [sample]

2020-07-29 12:19:44 INFO  TestNGEngineForDesiredSuites:51 - INFO: New Suite Created with name: Falcon-Sample-WIN_10_chrome_84
2020-07-29 12:19:44 INFO  TestNGEngineForDesiredSuites:51 - <?xml version="1.0" encoding="UTF-8"?>
<!DOCTYPE suite SYSTEM "http://testng.org/testng-1.0.dtd">
<suite name="Falcon-Sample-WIN_10_chrome_84">
  <parameter name="os" value="WIN"/>
  <parameter name="osVersion" value="10"/>
  <parameter name="browser" value="chrome"/>
  <parameter name="browserVersion" value="84"/>
  <test thread-count="5" name="SampleTest">
    <classes>
      <class name="com.atmecs.falcon.falcon_ui_test.testscript.NsmContactUsTest"/>
    </classes>
  </test> <!-- SampleTest -->
</suite> <!-- Falcon-Sample-WIN_10_chrome_84 -->

2020-07-31 13:14:18 INFO  TestNGEngineForDesiredSuites:51 - INFO: The value found with Environment variable Falcon is: Falcon
2020-07-31 13:14:18 INFO  TestNGEngineForDesiredSuites:51 - INFO: The value found with Environment Module variable sample is: sample
2020-07-31 13:14:18 INFO  TestNGEngineForDesiredSuites:51 - The value found with Environment variable WIN_10_chrome_84 is: WIN_10_chrome_84
2020-07-31 13:14:19 INFO  TestNGEngineForDesiredSuites:51 - INFO: Clients Found: [Falcon]

2020-07-31 13:14:19 INFO  TestNGEngineForDesiredSuites:51 - INFO: Modules Selected: [sample]

2020-07-31 13:14:19 INFO  TestNGEngineForDesiredSuites:51 - INFO: New Suite Created with name: Falcon-Sample-WIN_10_chrome_84
2020-07-31 13:14:19 INFO  TestNGEngineForDesiredSuites:51 - <?xml version="1.0" encoding="UTF-8"?>
<!DOCTYPE suite SYSTEM "http://testng.org/testng-1.0.dtd">
<suite name="Falcon-Sample-WIN_10_chrome_84">
  <parameter name="os" value="WIN"/>
  <parameter name="osVersion" value="10"/>
  <parameter name="browser" value="chrome"/>
  <parameter name="browserVersion" value="84"/>
  <test thread-count="5" name="SampleTest">
    <classes>
      <class name="com.atmecs.falcon.falcon_ui_test.testscript.NsmContactUsTest"/>
    </classes>
  </test> <!-- SampleTest -->
</suite> <!-- Falcon-Sample-WIN_10_chrome_84 -->

2020-07-31 13:16:42 INFO  TestNGEngineForDesiredSuites:51 - INFO: The value found with Environment variable Falcon is: Falcon
2020-07-31 13:16:42 INFO  TestNGEngineForDesiredSuites:51 - INFO: The value found with Environment Module variable sample is: sample
2020-07-31 13:16:42 INFO  TestNGEngineForDesiredSuites:51 - The value found with Environment variable WIN_10_chrome_84 is: WIN_10_chrome_84
2020-07-31 13:16:42 INFO  TestNGEngineForDesiredSuites:51 - INFO: Clients Found: [Falcon]

2020-07-31 13:16:42 INFO  TestNGEngineForDesiredSuites:51 - INFO: Modules Selected: [sample]

2020-07-31 13:16:42 INFO  TestNGEngineForDesiredSuites:51 - INFO: New Suite Created with name: Falcon-Sample-WIN_10_chrome_84
2020-07-31 13:16:42 INFO  TestNGEngineForDesiredSuites:51 - <?xml version="1.0" encoding="UTF-8"?>
<!DOCTYPE suite SYSTEM "http://testng.org/testng-1.0.dtd">
<suite name="Falcon-Sample-WIN_10_chrome_84">
  <parameter name="os" value="WIN"/>
  <parameter name="osVersion" value="10"/>
  <parameter name="browser" value="chrome"/>
  <parameter name="browserVersion" value="84"/>
  <test thread-count="5" name="SampleTest">
    <classes>
      <class name="com.atmecs.falcon.falcon_ui_test.testscript.NsmContactUsTest"/>
    </classes>
  </test> <!-- SampleTest -->
</suite> <!-- Falcon-Sample-WIN_10_chrome_84 -->

2020-07-31 13:21:12 INFO  TestNGEngineForDesiredSuites:51 - INFO: The value found with Environment variable Falcon is: Falcon
2020-07-31 13:21:12 INFO  TestNGEngineForDesiredSuites:51 - INFO: The value found with Environment Module variable sample is: sample
2020-07-31 13:21:12 INFO  TestNGEngineForDesiredSuites:51 - The value found with Environment variable WIN_10_chrome_84 is: WIN_10_chrome_84
2020-07-31 13:21:12 INFO  TestNGEngineForDesiredSuites:51 - INFO: Clients Found: [Falcon]

2020-07-31 13:21:12 INFO  TestNGEngineForDesiredSuites:51 - INFO: Modules Selected: [sample]

2020-07-31 13:21:12 INFO  TestNGEngineForDesiredSuites:51 - INFO: New Suite Created with name: Falcon-Sample-WIN_10_chrome_84
2020-07-31 13:21:12 INFO  TestNGEngineForDesiredSuites:51 - <?xml version="1.0" encoding="UTF-8"?>
<!DOCTYPE suite SYSTEM "http://testng.org/testng-1.0.dtd">
<suite name="Falcon-Sample-WIN_10_chrome_84">
  <parameter name="os" value="WIN"/>
  <parameter name="osVersion" value="10"/>
  <parameter name="browser" value="chrome"/>
  <parameter name="browserVersion" value="84"/>
  <test thread-count="5" name="SampleTest">
    <classes>
      <class name="com.atmecs.falcon.falcon_ui_test.testscript.NsmContactUsTest"/>
    </classes>
  </test> <!-- SampleTest -->
</suite> <!-- Falcon-Sample-WIN_10_chrome_84 -->

2020-07-31 13:22:46 INFO  TestNGEngineForDesiredSuites:51 - INFO: The value found with Environment variable Falcon is: Falcon
2020-07-31 13:22:46 INFO  TestNGEngineForDesiredSuites:51 - INFO: The value found with Environment Module variable sample is: sample
2020-07-31 13:22:46 INFO  TestNGEngineForDesiredSuites:51 - The value found with Environment variable WIN_10_chrome_84 is: WIN_10_chrome_84
2020-07-31 13:22:46 INFO  TestNGEngineForDesiredSuites:51 - INFO: Clients Found: [Falcon]

2020-07-31 13:22:46 INFO  TestNGEngineForDesiredSuites:51 - INFO: Modules Selected: [sample]

2020-07-31 13:22:46 INFO  TestNGEngineForDesiredSuites:51 - INFO: New Suite Created with name: Falcon-Sample-WIN_10_chrome_84
2020-07-31 13:22:46 INFO  TestNGEngineForDesiredSuites:51 - <?xml version="1.0" encoding="UTF-8"?>
<!DOCTYPE suite SYSTEM "http://testng.org/testng-1.0.dtd">
<suite name="Falcon-Sample-WIN_10_chrome_84">
  <parameter name="os" value="WIN"/>
  <parameter name="osVersion" value="10"/>
  <parameter name="browser" value="chrome"/>
  <parameter name="browserVersion" value="84"/>
  <test thread-count="5" name="SampleTest">
    <classes>
      <class name="com.atmecs.falcon.falcon_ui_test.testscript.NsmContactUsTest"/>
    </classes>
  </test> <!-- SampleTest -->
</suite> <!-- Falcon-Sample-WIN_10_chrome_84 -->

2020-07-31 13:25:42 INFO  TestNGEngineForDesiredSuites:51 - INFO: The value found with Environment variable Falcon is: Falcon
2020-07-31 13:25:42 INFO  TestNGEngineForDesiredSuites:51 - INFO: The value found with Environment Module variable sample is: sample
2020-07-31 13:25:42 INFO  TestNGEngineForDesiredSuites:51 - The value found with Environment variable WIN_10_chrome_84 is: WIN_10_chrome_84
2020-07-31 13:25:42 INFO  TestNGEngineForDesiredSuites:51 - INFO: Clients Found: [Falcon]

2020-07-31 13:25:42 INFO  TestNGEngineForDesiredSuites:51 - INFO: Modules Selected: [sample]

2020-07-31 13:25:42 INFO  TestNGEngineForDesiredSuites:51 - INFO: New Suite Created with name: Falcon-Sample-WIN_10_chrome_84
2020-07-31 13:25:42 INFO  TestNGEngineForDesiredSuites:51 - <?xml version="1.0" encoding="UTF-8"?>
<!DOCTYPE suite SYSTEM "http://testng.org/testng-1.0.dtd">
<suite name="Falcon-Sample-WIN_10_chrome_84">
  <parameter name="os" value="WIN"/>
  <parameter name="osVersion" value="10"/>
  <parameter name="browser" value="chrome"/>
  <parameter name="browserVersion" value="84"/>
  <test thread-count="5" name="SampleTest">
    <classes>
      <class name="com.atmecs.falcon.falcon_ui_test.testscript.NsmContactUsTest"/>
    </classes>
  </test> <!-- SampleTest -->
</suite> <!-- Falcon-Sample-WIN_10_chrome_84 -->

2020-07-31 14:32:56 INFO  TestNGEngineForDesiredSuites:51 - INFO: The value found with Environment variable Falcon is: Falcon
2020-07-31 14:32:56 INFO  TestNGEngineForDesiredSuites:51 - INFO: The value found with Environment Module variable sample is: sample
2020-07-31 14:32:56 INFO  TestNGEngineForDesiredSuites:51 - The value found with Environment variable WIN_10_chrome_84 is: WIN_10_chrome_84
2020-07-31 14:32:57 INFO  TestNGEngineForDesiredSuites:51 - INFO: Clients Found: [Falcon]

2020-07-31 14:32:57 INFO  TestNGEngineForDesiredSuites:51 - INFO: Modules Selected: [sample]

2020-07-31 14:32:57 INFO  TestNGEngineForDesiredSuites:51 - INFO: New Suite Created with name: Falcon-Sample-WIN_10_chrome_84
2020-07-31 14:32:57 INFO  TestNGEngineForDesiredSuites:51 - <?xml version="1.0" encoding="UTF-8"?>
<!DOCTYPE suite SYSTEM "http://testng.org/testng-1.0.dtd">
<suite name="Falcon-Sample-WIN_10_chrome_84">
  <parameter name="os" value="WIN"/>
  <parameter name="osVersion" value="10"/>
  <parameter name="browser" value="chrome"/>
  <parameter name="browserVersion" value="84"/>
  <test thread-count="5" name="SampleTest">
    <classes>
      <class name="com.atmecs.falcon.falcon_ui_test.testscript.NsmContactUsTest"/>
    </classes>
  </test> <!-- SampleTest -->
</suite> <!-- Falcon-Sample-WIN_10_chrome_84 -->

2020-07-31 18:31:58 INFO  TestNGEngineForDesiredSuites:51 - INFO: The value found with Environment variable Falcon is: Falcon
2020-07-31 18:31:58 INFO  TestNGEngineForDesiredSuites:51 - INFO: The value found with Environment Module variable sample is: sample
2020-07-31 18:31:58 INFO  TestNGEngineForDesiredSuites:51 - The value found with Environment variable WIN_10_chrome_84 is: WIN_10_chrome_84
2020-07-31 18:31:59 INFO  TestNGEngineForDesiredSuites:51 - INFO: Clients Found: [Falcon]

2020-07-31 18:31:59 INFO  TestNGEngineForDesiredSuites:51 - INFO: Modules Selected: [sample]

2020-07-31 18:31:59 INFO  TestNGEngineForDesiredSuites:51 - INFO: New Suite Created with name: Falcon-Sample-WIN_10_chrome_84
2020-07-31 18:31:59 INFO  TestNGEngineForDesiredSuites:51 - <?xml version="1.0" encoding="UTF-8"?>
<!DOCTYPE suite SYSTEM "http://testng.org/testng-1.0.dtd">
<suite name="Falcon-Sample-WIN_10_chrome_84">
  <parameter name="os" value="WIN"/>
  <parameter name="osVersion" value="10"/>
  <parameter name="browser" value="chrome"/>
  <parameter name="browserVersion" value="84"/>
  <test thread-count="5" name="SampleTest">
    <classes>
      <class name="com.atmecs.falcon.falcon_ui_test.testscript.NsmContactUsTest"/>
    </classes>
  </test> <!-- SampleTest -->
</suite> <!-- Falcon-Sample-WIN_10_chrome_84 -->

2020-07-31 18:33:37 INFO  TestNGEngineForDesiredSuites:51 - INFO: The value found with Environment variable Falcon is: Falcon
2020-07-31 18:33:37 INFO  TestNGEngineForDesiredSuites:51 - INFO: The value found with Environment Module variable sample is: sample
2020-07-31 18:33:37 INFO  TestNGEngineForDesiredSuites:51 - The value found with Environment variable WIN_10_chrome_84 is: WIN_10_chrome_84
2020-07-31 18:33:38 INFO  TestNGEngineForDesiredSuites:51 - INFO: Clients Found: [Falcon]

2020-07-31 18:33:38 INFO  TestNGEngineForDesiredSuites:51 - INFO: Modules Selected: [sample]

2020-07-31 18:33:38 INFO  TestNGEngineForDesiredSuites:51 - INFO: New Suite Created with name: Falcon-Sample-WIN_10_chrome_84
2020-07-31 18:33:38 INFO  TestNGEngineForDesiredSuites:51 - <?xml version="1.0" encoding="UTF-8"?>
<!DOCTYPE suite SYSTEM "http://testng.org/testng-1.0.dtd">
<suite name="Falcon-Sample-WIN_10_chrome_84">
  <parameter name="os" value="WIN"/>
  <parameter name="osVersion" value="10"/>
  <parameter name="browser" value="chrome"/>
  <parameter name="browserVersion" value="84"/>
  <test thread-count="5" name="SampleTest">
    <classes>
      <class name="com.atmecs.falcon.falcon_ui_test.testscript.NsmContactUsTest"/>
    </classes>
  </test> <!-- SampleTest -->
</suite> <!-- Falcon-Sample-WIN_10_chrome_84 -->

2020-07-31 21:25:14 INFO  TestNGEngineForDesiredSuites:51 - INFO: The value found with Environment variable Falcon is: Falcon
2020-07-31 21:25:14 INFO  TestNGEngineForDesiredSuites:51 - INFO: The value found with Environment Module variable sample is: sample
2020-07-31 21:25:14 INFO  TestNGEngineForDesiredSuites:51 - The value found with Environment variable WIN_10_chrome_84 is: WIN_10_chrome_84
2020-07-31 21:25:16 INFO  TestNGEngineForDesiredSuites:51 - INFO: Clients Found: [Falcon]

2020-07-31 21:25:16 INFO  TestNGEngineForDesiredSuites:51 - INFO: Modules Selected: [sample]

2020-07-31 21:25:16 INFO  TestNGEngineForDesiredSuites:51 - INFO: New Suite Created with name: Falcon-Sample-WIN_10_chrome_84
2020-07-31 21:25:16 INFO  TestNGEngineForDesiredSuites:51 - <?xml version="1.0" encoding="UTF-8"?>
<!DOCTYPE suite SYSTEM "http://testng.org/testng-1.0.dtd">
<suite name="Falcon-Sample-WIN_10_chrome_84">
  <parameter name="os" value="WIN"/>
  <parameter name="osVersion" value="10"/>
  <parameter name="browser" value="chrome"/>
  <parameter name="browserVersion" value="84"/>
  <test thread-count="5" name="SampleTest">
    <classes>
      <class name="com.atmecs.falcon.falcon_ui_test.testscript.NsmContactUsTest"/>
    </classes>
  </test> <!-- SampleTest -->
</suite> <!-- Falcon-Sample-WIN_10_chrome_84 -->

2020-08-04 19:00:04 INFO  TestNGEngineForDesiredSuites:51 - INFO: The value found with Environment variable Falcon is: Falcon
2020-08-04 19:00:04 INFO  TestNGEngineForDesiredSuites:51 - INFO: The value found with Environment Module variable sample is: sample
2020-08-04 19:00:04 INFO  TestNGEngineForDesiredSuites:51 - The value found with Environment variable WIN_10_chrome_84 is: WIN_10_chrome_84
2020-08-04 19:00:05 INFO  TestNGEngineForDesiredSuites:51 - INFO: Clients Found: [Falcon]

2020-08-04 19:00:05 INFO  TestNGEngineForDesiredSuites:51 - INFO: Modules Selected: [sample]

2020-08-04 19:00:05 INFO  TestNGEngineForDesiredSuites:51 - INFO: New Suite Created with name: Falcon-Sample-WIN_10_chrome_84
2020-08-04 19:00:05 INFO  TestNGEngineForDesiredSuites:51 - <?xml version="1.0" encoding="UTF-8"?>
<!DOCTYPE suite SYSTEM "http://testng.org/testng-1.0.dtd">
<suite name="Falcon-Sample-WIN_10_chrome_84">
  <parameter name="os" value="WIN"/>
  <parameter name="osVersion" value="10"/>
  <parameter name="browser" value="chrome"/>
  <parameter name="browserVersion" value="84"/>
  <test thread-count="5" name="SampleTest">
    <classes>
      <class name="com.atmecs.falcon.falcon_ui_test.testscript.AtmecsContactUsTest"/>
    </classes>
  </test> <!-- SampleTest -->
</suite> <!-- Falcon-Sample-WIN_10_chrome_84 -->

2020-08-04 19:02:53 INFO  TestNGEngineForDesiredSuites:51 - INFO: The value found with Environment variable Falcon is: Falcon
2020-08-04 19:02:53 INFO  TestNGEngineForDesiredSuites:51 - INFO: The value found with Environment Module variable sample is: sample
2020-08-04 19:02:53 INFO  TestNGEngineForDesiredSuites:51 - The value found with Environment variable WIN_10_chrome_84 is: WIN_10_chrome_84
2020-08-04 19:02:54 INFO  TestNGEngineForDesiredSuites:51 - INFO: Clients Found: [Falcon]

2020-08-04 19:02:54 INFO  TestNGEngineForDesiredSuites:51 - INFO: Modules Selected: [sample]

2020-08-04 19:02:54 INFO  TestNGEngineForDesiredSuites:51 - INFO: New Suite Created with name: Falcon-Sample-WIN_10_chrome_84
2020-08-04 19:02:54 INFO  TestNGEngineForDesiredSuites:51 - <?xml version="1.0" encoding="UTF-8"?>
<!DOCTYPE suite SYSTEM "http://testng.org/testng-1.0.dtd">
<suite name="Falcon-Sample-WIN_10_chrome_84">
  <parameter name="os" value="WIN"/>
  <parameter name="osVersion" value="10"/>
  <parameter name="browser" value="chrome"/>
  <parameter name="browserVersion" value="84"/>
  <test thread-count="5" name="SampleTest">
    <classes>
      <class name="com.atmecs.falcon.falcon_ui_test.testscript.AtmecsContactUsTest"/>
    </classes>
  </test> <!-- SampleTest -->
</suite> <!-- Falcon-Sample-WIN_10_chrome_84 -->

2020-08-04 19:04:28 INFO  TestNGEngineForDesiredSuites:51 - INFO: The value found with Environment variable Falcon is: Falcon
2020-08-04 19:04:28 INFO  TestNGEngineForDesiredSuites:51 - INFO: The value found with Environment Module variable sample is: sample
2020-08-04 19:04:28 INFO  TestNGEngineForDesiredSuites:51 - The value found with Environment variable WIN_10_chrome_84 is: WIN_10_chrome_84
2020-08-04 19:04:28 INFO  TestNGEngineForDesiredSuites:51 - INFO: Clients Found: [Falcon]

2020-08-04 19:04:28 INFO  TestNGEngineForDesiredSuites:51 - INFO: Modules Selected: [sample]

2020-08-04 19:04:28 INFO  TestNGEngineForDesiredSuites:51 - INFO: New Suite Created with name: Falcon-Sample-WIN_10_chrome_84
2020-08-04 19:04:28 INFO  TestNGEngineForDesiredSuites:51 - <?xml version="1.0" encoding="UTF-8"?>
<!DOCTYPE suite SYSTEM "http://testng.org/testng-1.0.dtd">
<suite name="Falcon-Sample-WIN_10_chrome_84">
  <parameter name="os" value="WIN"/>
  <parameter name="osVersion" value="10"/>
  <parameter name="browser" value="chrome"/>
  <parameter name="browserVersion" value="84"/>
  <test thread-count="5" name="SampleTest">
    <classes>
      <class name="com.atmecs.falcon.falcon_ui_test.testscript.AtmecsContactUsTest"/>
    </classes>
  </test> <!-- SampleTest -->
</suite> <!-- Falcon-Sample-WIN_10_chrome_84 -->

2020-08-04 19:18:29 INFO  TestNGEngineForDesiredSuites:51 - INFO: The value found with Environment variable Falcon is: Falcon
2020-08-04 19:18:29 INFO  TestNGEngineForDesiredSuites:51 - INFO: The value found with Environment Module variable sample is: sample
2020-08-04 19:18:29 INFO  TestNGEngineForDesiredSuites:51 - The value found with Environment variable WIN_10_chrome_84 is: WIN_10_chrome_84
2020-08-04 19:18:29 INFO  TestNGEngineForDesiredSuites:51 - INFO: Clients Found: [Falcon]

2020-08-04 19:18:29 INFO  TestNGEngineForDesiredSuites:51 - INFO: Modules Selected: [sample]

2020-08-04 19:18:29 INFO  TestNGEngineForDesiredSuites:51 - INFO: New Suite Created with name: Falcon-Sample-WIN_10_chrome_84
2020-08-04 19:18:29 INFO  TestNGEngineForDesiredSuites:51 - <?xml version="1.0" encoding="UTF-8"?>
<!DOCTYPE suite SYSTEM "http://testng.org/testng-1.0.dtd">
<suite name="Falcon-Sample-WIN_10_chrome_84">
  <parameter name="os" value="WIN"/>
  <parameter name="osVersion" value="10"/>
  <parameter name="browser" value="chrome"/>
  <parameter name="browserVersion" value="84"/>
  <test thread-count="5" name="SampleTest">
    <classes>
      <class name="com.atmecs.falcon.falcon_ui_test.testscript.AtmecsContactUsTest"/>
    </classes>
  </test> <!-- SampleTest -->
</suite> <!-- Falcon-Sample-WIN_10_chrome_84 -->

2020-08-04 19:29:23 INFO  TestNGEngineForDesiredSuites:51 - INFO: The value found with Environment variable Falcon is: Falcon
2020-08-04 19:29:23 INFO  TestNGEngineForDesiredSuites:51 - INFO: The value found with Environment Module variable contactus is: contactus
2020-08-04 19:29:23 INFO  TestNGEngineForDesiredSuites:51 - The value found with Environment variable WIN_10_chrome_84 is: WIN_10_chrome_84
2020-08-04 19:29:23 INFO  TestNGEngineForDesiredSuites:51 - INFO: Clients Found: [Falcon]

2020-08-04 19:29:23 INFO  TestNGEngineForDesiredSuites:51 - INFO: Modules Selected: [contactus]

2020-08-04 19:29:23 INFO  TestNGEngineForDesiredSuites:51 - INFO: New Suite Created with name: Falcon-Sample-WIN_10_chrome_84
2020-08-04 19:29:23 INFO  TestNGEngineForDesiredSuites:51 - <?xml version="1.0" encoding="UTF-8"?>
<!DOCTYPE suite SYSTEM "http://testng.org/testng-1.0.dtd">
<suite name="Falcon-Sample-WIN_10_chrome_84">
  <parameter name="os" value="WIN"/>
  <parameter name="osVersion" value="10"/>
  <parameter name="browser" value="chrome"/>
  <parameter name="browserVersion" value="84"/>
  <test thread-count="5" name="SampleTest">
    <classes>
      <class name="com.atmecs.falcon.falcon_ui_test.testscript.AtmecsContactUsTest"/>
    </classes>
  </test> <!-- SampleTest -->
</suite> <!-- Falcon-Sample-WIN_10_chrome_84 -->

2020-08-04 19:30:08 INFO  TestNGEngineForDesiredSuites:51 - INFO: The value found with Environment variable Falcon is: Falcon
2020-08-04 19:30:08 INFO  TestNGEngineForDesiredSuites:51 - INFO: The value found with Environment Module variable googlesearch is: googlesearch
2020-08-04 19:30:08 INFO  TestNGEngineForDesiredSuites:51 - The value found with Environment variable WIN_10_chrome_84 is: WIN_10_chrome_84
2020-08-04 19:30:09 INFO  TestNGEngineForDesiredSuites:51 - INFO: Clients Found: [Falcon]

2020-08-04 19:30:09 INFO  TestNGEngineForDesiredSuites:51 - INFO: Modules Selected: [googlesearch]

2020-08-04 19:30:09 INFO  TestNGEngineForDesiredSuites:51 - INFO: New Suite Created with name: Falcon-Sample-WIN_10_chrome_84
2020-08-04 19:30:09 INFO  TestNGEngineForDesiredSuites:51 - <?xml version="1.0" encoding="UTF-8"?>
<!DOCTYPE suite SYSTEM "http://testng.org/testng-1.0.dtd">
<suite name="Falcon-Sample-WIN_10_chrome_84">
  <parameter name="os" value="WIN"/>
  <parameter name="osVersion" value="10"/>
  <parameter name="browser" value="chrome"/>
  <parameter name="browserVersion" value="84"/>
  <test thread-count="5" name="SampleTest">
    <classes>
      <class name="com.atmecs.falcon.falcon_ui_test.testscript.SampleTestScript"/>
    </classes>
  </test> <!-- SampleTest -->
</suite> <!-- Falcon-Sample-WIN_10_chrome_84 -->

2020-08-04 19:34:52 INFO  TestNGEngineForDesiredSuites:51 - INFO: The value found with Environment variable Falcon is: Falcon
2020-08-04 19:34:52 INFO  TestNGEngineForDesiredSuites:51 - INFO: The value found with Environment Module variable googlesearch is: googlesearch
2020-08-04 19:34:52 INFO  TestNGEngineForDesiredSuites:51 - The value found with Environment variable WIN_10_chrome_84 is: WIN_10_chrome_84
2020-08-04 19:34:52 INFO  TestNGEngineForDesiredSuites:51 - INFO: Clients Found: [Falcon]

2020-08-04 19:34:52 INFO  TestNGEngineForDesiredSuites:51 - INFO: Modules Selected: [googlesearch]

2020-08-04 19:34:52 INFO  TestNGEngineForDesiredSuites:51 - INFO: New Suite Created with name: Falcon-Sample-WIN_10_chrome_84
2020-08-04 19:34:52 INFO  TestNGEngineForDesiredSuites:51 - <?xml version="1.0" encoding="UTF-8"?>
<!DOCTYPE suite SYSTEM "http://testng.org/testng-1.0.dtd">
<suite name="Falcon-Sample-WIN_10_chrome_84">
  <parameter name="os" value="WIN"/>
  <parameter name="osVersion" value="10"/>
  <parameter name="browser" value="chrome"/>
  <parameter name="browserVersion" value="84"/>
  <test thread-count="5" name="SampleTest">
    <classes>
      <class name="com.atmecs.falcon.falcon_ui_test.testscript.SampleTestScript"/>
    </classes>
  </test> <!-- SampleTest -->
</suite> <!-- Falcon-Sample-WIN_10_chrome_84 -->

2020-08-04 19:35:47 INFO  TestNGEngineForDesiredSuites:51 - INFO: The value found with Environment variable Falcon is: Falcon
2020-08-04 19:35:47 INFO  TestNGEngineForDesiredSuites:51 - INFO: The value found with Environment Module variable contactus is: contactus
2020-08-04 19:35:47 INFO  TestNGEngineForDesiredSuites:51 - The value found with Environment variable WIN_10_chrome_84 is: WIN_10_chrome_84
2020-08-04 19:35:47 INFO  TestNGEngineForDesiredSuites:51 - INFO: Clients Found: [Falcon]

2020-08-04 19:35:47 INFO  TestNGEngineForDesiredSuites:51 - INFO: Modules Selected: [contactus]

2020-08-04 19:35:47 INFO  TestNGEngineForDesiredSuites:51 - INFO: New Suite Created with name: Falcon-Sample-WIN_10_chrome_84
2020-08-04 19:35:47 INFO  TestNGEngineForDesiredSuites:51 - <?xml version="1.0" encoding="UTF-8"?>
<!DOCTYPE suite SYSTEM "http://testng.org/testng-1.0.dtd">
<suite name="Falcon-Sample-WIN_10_chrome_84">
  <parameter name="os" value="WIN"/>
  <parameter name="osVersion" value="10"/>
  <parameter name="browser" value="chrome"/>
  <parameter name="browserVersion" value="84"/>
  <test thread-count="5" name="SampleTest">
    <classes>
      <class name="com.atmecs.falcon.falcon_ui_test.testscript.AtmecsContactUsTest"/>
    </classes>
  </test> <!-- SampleTest -->
</suite> <!-- Falcon-Sample-WIN_10_chrome_84 -->

2020-08-04 19:36:48 INFO  TestNGEngineForDesiredSuites:51 - INFO: The value found with Environment variable Falcon is: Falcon
2020-08-04 19:36:48 INFO  TestNGEngineForDesiredSuites:51 - INFO: The value found with Environment Module variable contactus,googlesearch is: contactus,googlesearch
2020-08-04 19:36:48 INFO  TestNGEngineForDesiredSuites:51 - The value found with Environment variable WIN_10_chrome_84 is: WIN_10_chrome_84
2020-08-04 19:36:48 INFO  TestNGEngineForDesiredSuites:51 - INFO: Clients Found: [Falcon]

2020-08-04 19:36:48 INFO  TestNGEngineForDesiredSuites:51 - INFO: Modules Selected: [contactus, googlesearch]

2020-08-04 19:36:48 INFO  TestNGEngineForDesiredSuites:51 - INFO: New Suite Created with name: Falcon-Sample-WIN_10_chrome_84
2020-08-04 19:36:48 INFO  TestNGEngineForDesiredSuites:51 - <?xml version="1.0" encoding="UTF-8"?>
<!DOCTYPE suite SYSTEM "http://testng.org/testng-1.0.dtd">
<suite name="Falcon-Sample-WIN_10_chrome_84">
  <parameter name="os" value="WIN"/>
  <parameter name="osVersion" value="10"/>
  <parameter name="browser" value="chrome"/>
  <parameter name="browserVersion" value="84"/>
  <test thread-count="5" name="SampleTest">
    <classes>
      <class name="com.atmecs.falcon.falcon_ui_test.testscript.SampleTestScript"/>
    </classes>
  </test> <!-- SampleTest -->
</suite> <!-- Falcon-Sample-WIN_10_chrome_84 -->

2020-08-04 19:36:48 INFO  TestNGEngineForDesiredSuites:51 - INFO: New Suite Created with name: Falcon-Sample-WIN_10_chrome_84
2020-08-04 19:36:48 INFO  TestNGEngineForDesiredSuites:51 - <?xml version="1.0" encoding="UTF-8"?>
<!DOCTYPE suite SYSTEM "http://testng.org/testng-1.0.dtd">
<suite name="Falcon-Sample-WIN_10_chrome_84">
  <parameter name="os" value="WIN"/>
  <parameter name="osVersion" value="10"/>
  <parameter name="browser" value="chrome"/>
  <parameter name="browserVersion" value="84"/>
  <test thread-count="5" name="SampleTest">
    <classes>
      <class name="com.atmecs.falcon.falcon_ui_test.testscript.AtmecsContactUsTest"/>
    </classes>
  </test> <!-- SampleTest -->
</suite> <!-- Falcon-Sample-WIN_10_chrome_84 -->

2021-03-19 15:30:58 INFO  TestNGEngineForDesiredSuites:51 - INFO: The value found with Environment variable Falcon is: Falcon
2021-03-19 15:30:58 INFO  TestNGEngineForDesiredSuites:51 - INFO: The value found with Environment Module variable googlesearch is: googlesearch
2021-03-19 15:30:58 INFO  TestNGEngineForDesiredSuites:51 - The value found with Environment variable WIN_10_chrome_84 is: WIN_10_chrome_84
2021-03-19 15:30:58 INFO  TestNGEngineForDesiredSuites:51 - INFO: Clients Found: [Falcon]

2021-03-19 15:30:58 INFO  TestNGEngineForDesiredSuites:51 - INFO: Modules Selected: [googlesearch]

2021-03-19 15:30:58 INFO  TestNGEngineForDesiredSuites:51 - INFO: New Suite Created with name: Falcon-Sample-WIN_10_chrome_84
2021-03-19 15:30:58 INFO  TestNGEngineForDesiredSuites:51 - <?xml version="1.0" encoding="UTF-8"?>
<!DOCTYPE suite SYSTEM "http://testng.org/testng-1.0.dtd">
<suite name="Falcon-Sample-WIN_10_chrome_84">
  <parameter name="os" value="WIN"/>
  <parameter name="osVersion" value="10"/>
  <parameter name="browser" value="chrome"/>
  <parameter name="browserVersion" value="84"/>
  <test thread-count="5" name="SampleTest">
    <classes>
      <class name="com.atmecs.tms20.testscript.SampleTestScript"/>
    </classes>
  </test> <!-- SampleTest -->
</suite> <!-- Falcon-Sample-WIN_10_chrome_84 -->

2021-03-19 15:40:28 INFO  TestNGEngineForDesiredSuites:51 - INFO: The value found with Environment variable Falcon is: Falcon
2021-03-19 15:40:28 INFO  TestNGEngineForDesiredSuites:51 - INFO: The value found with Environment Module variable googlesearch is: googlesearch
2021-03-19 15:40:28 INFO  TestNGEngineForDesiredSuites:51 - The value found with Environment variable WIN_10_chrome_84 is: WIN_10_chrome_84
2021-03-19 15:40:28 INFO  TestNGEngineForDesiredSuites:51 - INFO: Clients Found: [Falcon]

2021-03-19 15:40:28 INFO  TestNGEngineForDesiredSuites:51 - INFO: Modules Selected: [googlesearch]

2021-03-19 15:40:28 INFO  TestNGEngineForDesiredSuites:51 - INFO: New Suite Created with name: Falcon-Sample-WIN_10_chrome_84
2021-03-19 15:40:28 INFO  TestNGEngineForDesiredSuites:51 - <?xml version="1.0" encoding="UTF-8"?>
<!DOCTYPE suite SYSTEM "http://testng.org/testng-1.0.dtd">
<suite name="Falcon-Sample-WIN_10_chrome_84">
  <parameter name="os" value="WIN"/>
  <parameter name="osVersion" value="10"/>
  <parameter name="browser" value="chrome"/>
  <parameter name="browserVersion" value="84"/>
  <test thread-count="5" name="SampleTest">
    <classes>
      <class name="com.atmecs.tms20.testscript.SampleTestScript"/>
    </classes>
  </test> <!-- SampleTest -->
</suite> <!-- Falcon-Sample-WIN_10_chrome_84 -->

2021-03-19 15:42:15 INFO  TestNGEngineForDesiredSuites:51 - INFO: The value found with Environment variable Falcon is: Falcon
2021-03-19 15:42:15 INFO  TestNGEngineForDesiredSuites:51 - INFO: The value found with Environment Module variable TMS20Admin is: TMS20Admin
2021-03-19 15:42:15 INFO  TestNGEngineForDesiredSuites:51 - The value found with Environment variable WIN_10_chrome_84 is: WIN_10_chrome_84
2021-03-19 15:42:15 INFO  TestNGEngineForDesiredSuites:51 - INFO: Clients Found: [Falcon]

2021-03-19 15:42:15 INFO  TestNGEngineForDesiredSuites:51 - INFO: Modules Selected: [TMS20Admin]

2021-03-19 15:42:15 INFO  TestNGEngineForDesiredSuites:51 - INFO: New Suite Created with name: Falcon-Sample-WIN_10_chrome_84
2021-03-19 15:42:16 INFO  TestNGEngineForDesiredSuites:51 - <?xml version="1.0" encoding="UTF-8"?>
<!DOCTYPE suite SYSTEM "http://testng.org/testng-1.0.dtd">
<suite name="Falcon-Sample-WIN_10_chrome_84">
  <parameter name="os" value="WIN"/>
  <parameter name="osVersion" value="10"/>
  <parameter name="browser" value="chrome"/>
  <parameter name="browserVersion" value="84"/>
  <test thread-count="5" name="SampleTest">
    <classes>
      <class name="com.atmecs.tms20.testscript.AdminModule"/>
    </classes>
  </test> <!-- SampleTest -->
</suite> <!-- Falcon-Sample-WIN_10_chrome_84 -->

2021-03-19 16:02:07 INFO  TestNGEngineForDesiredSuites:51 - INFO: The value found with Environment variable Falcon is: Falcon
2021-03-19 16:02:07 INFO  TestNGEngineForDesiredSuites:51 - INFO: The value found with Environment Module variable TMS20Admin is: TMS20Admin
2021-03-19 16:02:07 INFO  TestNGEngineForDesiredSuites:51 - The value found with Environment variable WIN_10_chrome_84 is: WIN_10_chrome_84
2021-03-19 16:02:07 INFO  TestNGEngineForDesiredSuites:51 - INFO: Clients Found: [Falcon]

2021-03-19 16:02:07 INFO  TestNGEngineForDesiredSuites:51 - INFO: Modules Selected: [TMS20Admin]

2021-03-19 16:02:07 INFO  TestNGEngineForDesiredSuites:51 - INFO: New Suite Created with name: Falcon-Sample-WIN_10_chrome_84
2021-03-19 16:02:07 INFO  TestNGEngineForDesiredSuites:51 - <?xml version="1.0" encoding="UTF-8"?>
<!DOCTYPE suite SYSTEM "http://testng.org/testng-1.0.dtd">
<suite name="Falcon-Sample-WIN_10_chrome_84">
  <parameter name="os" value="WIN"/>
  <parameter name="osVersion" value="10"/>
  <parameter name="browser" value="chrome"/>
  <parameter name="browserVersion" value="84"/>
  <test thread-count="5" name="SampleTest">
    <classes>
      <class name="com.atmecs.tms20.testscript.AdminModule"/>
    </classes>
  </test> <!-- SampleTest -->
</suite> <!-- Falcon-Sample-WIN_10_chrome_84 -->

2021-03-19 16:03:40 INFO  TestNGEngineForDesiredSuites:51 - INFO: The value found with Environment variable Falcon is: Falcon
2021-03-19 16:03:40 INFO  TestNGEngineForDesiredSuites:51 - INFO: The value found with Environment Module variable TMS20Admin is: TMS20Admin
2021-03-19 16:03:40 INFO  TestNGEngineForDesiredSuites:51 - The value found with Environment variable WIN_10_chrome_84 is: WIN_10_chrome_84
2021-03-19 16:03:40 INFO  TestNGEngineForDesiredSuites:51 - INFO: Clients Found: [Falcon]

2021-03-19 16:03:40 INFO  TestNGEngineForDesiredSuites:51 - INFO: Modules Selected: [TMS20Admin]

2021-03-19 16:03:40 INFO  TestNGEngineForDesiredSuites:51 - INFO: New Suite Created with name: Falcon-Sample-WIN_10_chrome_84
2021-03-19 16:03:40 INFO  TestNGEngineForDesiredSuites:51 - <?xml version="1.0" encoding="UTF-8"?>
<!DOCTYPE suite SYSTEM "http://testng.org/testng-1.0.dtd">
<suite name="Falcon-Sample-WIN_10_chrome_84">
  <parameter name="os" value="WIN"/>
  <parameter name="osVersion" value="10"/>
  <parameter name="browser" value="chrome"/>
  <parameter name="browserVersion" value="84"/>
  <test thread-count="5" name="SampleTest">
    <classes>
      <class name="com.atmecs.tms20.testscript.AdminModule"/>
    </classes>
  </test> <!-- SampleTest -->
</suite> <!-- Falcon-Sample-WIN_10_chrome_84 -->

2021-03-22 14:48:42 INFO  TestNGEngineForDesiredSuites:51 - INFO: The value found with Environment variable NSM is: NSM
2021-03-22 14:48:42 INFO  TestNGEngineForDesiredSuites:51 - INFO: The value found with Environment Module variable ClientAdvanceSearch is: ClientAdvanceSearch
2021-03-22 14:48:42 INFO  TestNGEngineForDesiredSuites:51 - The value found with Environment variable WIN_10_chrome_84 is: WIN_10_chrome_84
2021-03-22 14:48:43 INFO  TestNGEngineForDesiredSuites:51 - INFO: Clients Found: [NSM]

2021-03-22 14:48:43 INFO  TestNGEngineForDesiredSuites:51 - INFO: Modules Selected: [ClientAdvanceSearch]

2021-03-22 14:48:43 INFO  TestNGEngineForDesiredSuites:51 - INFO: No Suite Found for the provided Module Name: []
2021-03-22 14:48:43 ERROR TestNGRunner:89 - Results are not uploaded because uploadResults flag is set to false
2021-03-22 14:49:46 INFO  TestNGEngineForDesiredSuites:51 - INFO: The value found with Environment variable NSM is: NSM
2021-03-22 14:49:46 INFO  TestNGEngineForDesiredSuites:51 - INFO: The value found with Environment Module variable ClientAdvanceSearch is: ClientAdvanceSearch
2021-03-22 14:49:46 INFO  TestNGEngineForDesiredSuites:51 - The value found with Environment variable WIN_10_chrome_84 is: WIN_10_chrome_84
2021-03-22 14:49:47 INFO  TestNGEngineForDesiredSuites:51 - INFO: Clients Found: [NSM]

2021-03-22 14:49:47 INFO  TestNGEngineForDesiredSuites:51 - INFO: Modules Selected: [ClientAdvanceSearch]

2021-03-22 14:49:47 INFO  TestNGEngineForDesiredSuites:51 - INFO: No Suite Found for the provided Module Name: []
2021-03-22 14:49:47 ERROR TestNGRunner:89 - Results are not uploaded because uploadResults flag is set to false
2021-03-22 14:53:56 INFO  TestNGEngineForDesiredSuites:51 - INFO: The value found with Environment variable NSM is: NSM
2021-03-22 14:53:56 INFO  TestNGEngineForDesiredSuites:51 - INFO: The value found with Environment Module variable ClientAdvanceSearch is: ClientAdvanceSearch
2021-03-22 14:53:56 INFO  TestNGEngineForDesiredSuites:51 - The value found with Environment variable WIN_10_chrome_84 is: WIN_10_chrome_84
2021-03-22 14:53:57 INFO  TestNGEngineForDesiredSuites:51 - INFO: Clients Found: [NSM]

2021-03-22 14:53:57 INFO  TestNGEngineForDesiredSuites:51 - INFO: Modules Selected: [ClientAdvanceSearch]

2021-03-22 14:53:57 INFO  TestNGEngineForDesiredSuites:51 - INFO: No Suite Found for the provided Module Name: []
2021-03-22 14:53:57 ERROR TestNGRunner:89 - Results are not uploaded because uploadResults flag is set to false
2021-03-22 14:54:24 INFO  TestNGEngineForDesiredSuites:51 - INFO: The value found with Environment variable NSM is: NSM
2021-03-22 14:54:24 INFO  TestNGEngineForDesiredSuites:51 - INFO: The value found with Environment Module variable ClientAdvanceSearch is: ClientAdvanceSearch
2021-03-22 14:54:24 INFO  TestNGEngineForDesiredSuites:51 - The value found with Environment variable WIN_10_chrome_84 is: WIN_10_chrome_84
2021-03-22 14:54:26 INFO  TestNGEngineForDesiredSuites:51 - INFO: Clients Found: [NSM]

2021-03-22 14:54:26 INFO  TestNGEngineForDesiredSuites:51 - INFO: Modules Selected: [ClientAdvanceSearch]

2021-03-22 14:54:26 INFO  TestNGEngineForDesiredSuites:51 - INFO: No Suite Found for the provided Module Name: []
2021-03-22 14:54:26 ERROR TestNGRunner:89 - Results are not uploaded because uploadResults flag is set to false
2021-03-22 15:04:03 INFO  TestNGEngineForDesiredSuites:51 - INFO: The value found with Environment variable NSM is: NSM
2021-03-22 15:04:03 INFO  TestNGEngineForDesiredSuites:51 - INFO: The value found with Environment Module variable ClientAdvanceSearch is: ClientAdvanceSearch
2021-03-22 15:04:03 INFO  TestNGEngineForDesiredSuites:51 - The value found with Environment variable WIN_10_chrome_84 is: WIN_10_chrome_84
2021-03-22 15:04:04 INFO  TestNGEngineForDesiredSuites:51 - INFO: Clients Found: [NSM]

2021-03-22 15:04:04 INFO  TestNGEngineForDesiredSuites:51 - INFO: Modules Selected: [ClientAdvanceSearch]

2021-03-22 15:04:04 INFO  TestNGEngineForDesiredSuites:51 - INFO: No Suite Found for the provided Module Name: []
2021-03-22 15:04:04 ERROR TestNGRunner:89 - Results are not uploaded because uploadResults flag is set to false
2021-03-22 15:22:45 INFO  TestNGEngineForDesiredSuites:51 - INFO: The value found with Environment variable NSM is: NSM
2021-03-22 15:22:45 INFO  TestNGEngineForDesiredSuites:51 - INFO: The value found with Environment Module variable ClientAdvanceSearch is: ClientAdvanceSearch
2021-03-22 15:22:45 INFO  TestNGEngineForDesiredSuites:51 - The value found with Environment variable WIN_10_chrome_84 is: WIN_10_chrome_84
2021-03-22 15:40:20 INFO  TestNGEngineForDesiredSuites:51 - INFO: The value found with Environment variable NSM is: NSM
2021-03-22 15:40:20 INFO  TestNGEngineForDesiredSuites:51 - INFO: The value found with Environment Module variable ClientAdvanceSearch is: ClientAdvanceSearch
2021-03-22 15:40:20 INFO  TestNGEngineForDesiredSuites:51 - The value found with Environment variable WIN_10_chrome_84 is: WIN_10_chrome_84
2021-03-22 15:40:21 INFO  TestNGEngineForDesiredSuites:51 - INFO: Clients Found: [NSM]

2021-03-22 15:40:21 INFO  TestNGEngineForDesiredSuites:51 - INFO: Modules Selected: [ClientAdvanceSearch]

2021-03-22 15:40:21 INFO  TestNGEngineForDesiredSuites:51 - INFO: No Suite Found for the provided Module Name: []
2021-03-22 15:40:21 ERROR TestNGRunner:89 - Results are not uploaded because uploadResults flag is set to false
2021-03-22 15:45:13 INFO  TestNGEngineForDesiredSuites:51 - INFO: The value found with Environment variable NSM is: NSM
2021-03-22 15:45:13 INFO  TestNGEngineForDesiredSuites:51 - INFO: The value found with Environment Module variable Sample is: Sample
2021-03-22 15:45:13 INFO  TestNGEngineForDesiredSuites:51 - The value found with Environment variable WIN_10_chrome_84 is: WIN_10_chrome_84
2021-03-22 15:45:14 INFO  TestNGEngineForDesiredSuites:51 - INFO: Clients Found: [NSM]

2021-03-22 15:45:14 INFO  TestNGEngineForDesiredSuites:51 - INFO: Modules Selected: [Sample]

2021-03-22 15:45:14 INFO  TestNGEngineForDesiredSuites:51 - INFO: No Suite Found for the provided Module Name: []
2021-03-22 15:45:14 ERROR TestNGRunner:89 - Results are not uploaded because uploadResults flag is set to false
2021-03-22 15:46:24 INFO  TestNGEngineForDesiredSuites:51 - INFO: The value found with Environment variable NSM is: NSM
2021-03-22 15:46:24 INFO  TestNGEngineForDesiredSuites:51 - INFO: The value found with Environment Module variable TMS20Admin is: TMS20Admin
2021-03-22 15:46:24 INFO  TestNGEngineForDesiredSuites:51 - The value found with Environment variable WIN_10_chrome_84 is: WIN_10_chrome_84
2021-03-22 15:46:25 INFO  TestNGEngineForDesiredSuites:51 - INFO: Clients Found: [NSM]

2021-03-22 15:46:25 INFO  TestNGEngineForDesiredSuites:51 - INFO: Modules Selected: [TMS20Admin]

2021-03-22 15:46:25 INFO  TestNGEngineForDesiredSuites:51 - INFO: New Suite Created with name: NSM-Sample-WIN_10_chrome_84
2021-03-22 15:46:25 INFO  TestNGEngineForDesiredSuites:51 - <?xml version="1.0" encoding="UTF-8"?>
<!DOCTYPE suite SYSTEM "http://testng.org/testng-1.0.dtd">
<suite name="NSM-Sample-WIN_10_chrome_84">
  <parameter name="os" value="WIN"/>
  <parameter name="osVersion" value="10"/>
  <parameter name="browser" value="chrome"/>
  <parameter name="browserVersion" value="84"/>
  <test thread-count="5" name="SampleTest">
    <classes>
      <class name="com.atmecs.tms20.testscript.ClientAdvanceSearch"/>
    </classes>
  </test> <!-- SampleTest -->
</suite> <!-- NSM-Sample-WIN_10_chrome_84 -->

2021-03-22 16:35:21 INFO  TestNGEngineForDesiredSuites:51 - INFO: The value found with Environment variable NSM is: NSM
2021-03-22 16:35:21 INFO  TestNGEngineForDesiredSuites:51 - INFO: The value found with Environment Module variable TMS20Admin is: TMS20Admin
2021-03-22 16:35:21 INFO  TestNGEngineForDesiredSuites:51 - The value found with Environment variable WIN_10_chrome_84 is: WIN_10_chrome_84
2021-03-22 16:35:22 INFO  TestNGEngineForDesiredSuites:51 - INFO: Clients Found: [NSM]

2021-03-22 16:35:22 INFO  TestNGEngineForDesiredSuites:51 - INFO: Modules Selected: [TMS20Admin]

2021-03-22 16:35:22 INFO  TestNGEngineForDesiredSuites:51 - INFO: New Suite Created with name: NSM-Sample-WIN_10_chrome_84
2021-03-22 16:35:22 INFO  TestNGEngineForDesiredSuites:51 - <?xml version="1.0" encoding="UTF-8"?>
<!DOCTYPE suite SYSTEM "http://testng.org/testng-1.0.dtd">
<suite name="NSM-Sample-WIN_10_chrome_84">
  <parameter name="os" value="WIN"/>
  <parameter name="osVersion" value="10"/>
  <parameter name="browser" value="chrome"/>
  <parameter name="browserVersion" value="84"/>
  <test thread-count="5" name="SampleTest">
    <classes>
      <class name="com.atmecs.tms20.testscript.ClientAdvanceSearch"/>
    </classes>
  </test> <!-- SampleTest -->
</suite> <!-- NSM-Sample-WIN_10_chrome_84 -->

2021-03-22 16:37:43 INFO  TestNGEngineForDesiredSuites:51 - INFO: The value found with Environment variable NSM is: NSM
2021-03-22 16:37:43 INFO  TestNGEngineForDesiredSuites:51 - INFO: The value found with Environment Module variable TMS20Admin is: TMS20Admin
2021-03-22 16:37:43 INFO  TestNGEngineForDesiredSuites:51 - The value found with Environment variable WIN_10_chrome_84 is: WIN_10_chrome_84
2021-03-22 16:37:44 INFO  TestNGEngineForDesiredSuites:51 - INFO: Clients Found: [NSM]

2021-03-22 16:37:44 INFO  TestNGEngineForDesiredSuites:51 - INFO: Modules Selected: [TMS20Admin]

2021-03-22 16:37:44 INFO  TestNGEngineForDesiredSuites:51 - INFO: New Suite Created with name: NSM-Sample-WIN_10_chrome_84
2021-03-22 16:37:44 INFO  TestNGEngineForDesiredSuites:51 - <?xml version="1.0" encoding="UTF-8"?>
<!DOCTYPE suite SYSTEM "http://testng.org/testng-1.0.dtd">
<suite name="NSM-Sample-WIN_10_chrome_84">
  <parameter name="os" value="WIN"/>
  <parameter name="osVersion" value="10"/>
  <parameter name="browser" value="chrome"/>
  <parameter name="browserVersion" value="84"/>
  <test thread-count="5" name="SampleTest">
    <classes>
      <class name="com.atmecs.tms20.testscript.ClientAdvanceSearch"/>
    </classes>
  </test> <!-- SampleTest -->
</suite> <!-- NSM-Sample-WIN_10_chrome_84 -->

2021-03-22 16:41:55 INFO  TestNGEngineForDesiredSuites:51 - INFO: The value found with Environment variable NSM is: NSM
2021-03-22 16:41:55 INFO  TestNGEngineForDesiredSuites:51 - INFO: The value found with Environment Module variable TMS20Admin is: TMS20Admin
2021-03-22 16:41:55 INFO  TestNGEngineForDesiredSuites:51 - The value found with Environment variable WIN_10_chrome_84 is: WIN_10_chrome_84
2021-03-22 16:41:56 INFO  TestNGEngineForDesiredSuites:51 - INFO: Clients Found: [NSM]

2021-03-22 16:41:56 INFO  TestNGEngineForDesiredSuites:51 - INFO: Modules Selected: [TMS20Admin]

2021-03-22 16:41:56 INFO  TestNGEngineForDesiredSuites:51 - INFO: New Suite Created with name: NSM-Sample-WIN_10_chrome_84
2021-03-22 16:41:56 INFO  TestNGEngineForDesiredSuites:51 - <?xml version="1.0" encoding="UTF-8"?>
<!DOCTYPE suite SYSTEM "http://testng.org/testng-1.0.dtd">
<suite name="NSM-Sample-WIN_10_chrome_84">
  <parameter name="os" value="WIN"/>
  <parameter name="osVersion" value="10"/>
  <parameter name="browser" value="chrome"/>
  <parameter name="browserVersion" value="84"/>
  <test thread-count="5" name="SampleTest">
    <classes>
      <class name="com.atmecs.tms20.testscript.ClientAdvanceSearch"/>
    </classes>
  </test> <!-- SampleTest -->
</suite> <!-- NSM-Sample-WIN_10_chrome_84 -->

2021-03-22 16:58:55 INFO  TestNGEngineForDesiredSuites:51 - INFO: The value found with Environment variable NSM is: NSM
2021-03-22 16:58:55 INFO  TestNGEngineForDesiredSuites:51 - INFO: The value found with Environment Module variable TMS20Admin is: TMS20Admin
2021-03-22 16:58:55 INFO  TestNGEngineForDesiredSuites:51 - The value found with Environment variable WIN_10_chrome_84 is: WIN_10_chrome_84
2021-03-22 16:58:56 INFO  TestNGEngineForDesiredSuites:51 - INFO: Clients Found: [NSM]

2021-03-22 16:58:56 INFO  TestNGEngineForDesiredSuites:51 - INFO: Modules Selected: [TMS20Admin]

2021-03-22 16:58:56 INFO  TestNGEngineForDesiredSuites:51 - INFO: New Suite Created with name: NSM-Sample-WIN_10_chrome_84
2021-03-22 16:58:56 INFO  TestNGEngineForDesiredSuites:51 - <?xml version="1.0" encoding="UTF-8"?>
<!DOCTYPE suite SYSTEM "http://testng.org/testng-1.0.dtd">
<suite name="NSM-Sample-WIN_10_chrome_84">
  <parameter name="os" value="WIN"/>
  <parameter name="osVersion" value="10"/>
  <parameter name="browser" value="chrome"/>
  <parameter name="browserVersion" value="84"/>
  <test thread-count="5" name="SampleTest">
    <classes>
      <class name="com.atmecs.tms20.testscript.ClientAdvanceSearch"/>
    </classes>
  </test> <!-- SampleTest -->
</suite> <!-- NSM-Sample-WIN_10_chrome_84 -->

2021-03-22 17:53:55 INFO  TestNGEngineForDesiredSuites:51 - INFO: The value found with Environment variable NSM is: NSM
2021-03-22 17:53:55 INFO  TestNGEngineForDesiredSuites:51 - INFO: The value found with Environment Module variable TMS20Admin is: TMS20Admin
2021-03-22 17:53:55 INFO  TestNGEngineForDesiredSuites:51 - The value found with Environment variable WIN_10_chrome_84 is: WIN_10_chrome_84
2021-03-22 17:53:57 INFO  TestNGEngineForDesiredSuites:51 - INFO: Clients Found: [NSM]

2021-03-22 17:53:57 INFO  TestNGEngineForDesiredSuites:51 - INFO: Modules Selected: [TMS20Admin]

2021-03-22 17:53:57 INFO  TestNGEngineForDesiredSuites:51 - INFO: New Suite Created with name: NSM-Sample-WIN_10_chrome_84
2021-03-22 17:53:57 INFO  TestNGEngineForDesiredSuites:51 - <?xml version="1.0" encoding="UTF-8"?>
<!DOCTYPE suite SYSTEM "http://testng.org/testng-1.0.dtd">
<suite name="NSM-Sample-WIN_10_chrome_84">
  <parameter name="os" value="WIN"/>
  <parameter name="osVersion" value="10"/>
  <parameter name="browser" value="chrome"/>
  <parameter name="browserVersion" value="84"/>
  <test thread-count="5" name="SampleTest">
    <classes>
      <class name="com.atmecs.tms20.testscript.ClientAdvanceSearch"/>
    </classes>
  </test> <!-- SampleTest -->
</suite> <!-- NSM-Sample-WIN_10_chrome_84 -->

2021-03-22 21:51:56 INFO  TestNGEngineForDesiredSuites:51 - INFO: The value found with Environment variable NSM is: NSM
2021-03-22 21:51:56 INFO  TestNGEngineForDesiredSuites:51 - INFO: The value found with Environment Module variable TMS20Admin is: TMS20Admin
2021-03-22 21:51:56 INFO  TestNGEngineForDesiredSuites:51 - The value found with Environment variable WIN_10_chrome_84 is: WIN_10_chrome_84
2021-03-22 21:51:57 INFO  TestNGEngineForDesiredSuites:51 - INFO: Clients Found: [NSM]

2021-03-22 21:51:57 INFO  TestNGEngineForDesiredSuites:51 - INFO: Modules Selected: [TMS20Admin]

2021-03-22 21:51:57 INFO  TestNGEngineForDesiredSuites:51 - INFO: New Suite Created with name: NSM-Sample-WIN_10_chrome_84
2021-03-22 21:51:57 INFO  TestNGEngineForDesiredSuites:51 - <?xml version="1.0" encoding="UTF-8"?>
<!DOCTYPE suite SYSTEM "http://testng.org/testng-1.0.dtd">
<suite name="NSM-Sample-WIN_10_chrome_84">
  <parameter name="os" value="WIN"/>
  <parameter name="osVersion" value="10"/>
  <parameter name="browser" value="chrome"/>
  <parameter name="browserVersion" value="84"/>
  <test thread-count="5" name="SampleTest">
    <classes>
      <class name="com.atmecs.tms20.testscript.ClientAdvanceSearch"/>
    </classes>
  </test> <!-- SampleTest -->
</suite> <!-- NSM-Sample-WIN_10_chrome_84 -->

2021-03-22 21:54:36 INFO  TestNGEngineForDesiredSuites:51 - INFO: The value found with Environment variable NSM is: NSM
2021-03-22 21:54:36 INFO  TestNGEngineForDesiredSuites:51 - INFO: The value found with Environment Module variable TMS20Admin is: TMS20Admin
2021-03-22 21:54:36 INFO  TestNGEngineForDesiredSuites:51 - The value found with Environment variable WIN_10_chrome_84 is: WIN_10_chrome_84
2021-03-22 21:54:38 INFO  TestNGEngineForDesiredSuites:51 - INFO: Clients Found: [NSM]

2021-03-22 21:54:38 INFO  TestNGEngineForDesiredSuites:51 - INFO: Modules Selected: [TMS20Admin]

2021-03-22 21:54:38 INFO  TestNGEngineForDesiredSuites:51 - INFO: New Suite Created with name: NSM-Sample-WIN_10_chrome_84
2021-03-22 21:54:38 INFO  TestNGEngineForDesiredSuites:51 - <?xml version="1.0" encoding="UTF-8"?>
<!DOCTYPE suite SYSTEM "http://testng.org/testng-1.0.dtd">
<suite name="NSM-Sample-WIN_10_chrome_84">
  <parameter name="os" value="WIN"/>
  <parameter name="osVersion" value="10"/>
  <parameter name="browser" value="chrome"/>
  <parameter name="browserVersion" value="84"/>
  <test thread-count="5" name="SampleTest">
    <classes>
      <class name="com.atmecs.tms20.testscript.ClientAdvanceSearch"/>
    </classes>
  </test> <!-- SampleTest -->
</suite> <!-- NSM-Sample-WIN_10_chrome_84 -->

2021-03-22 21:58:34 INFO  TestNGEngineForDesiredSuites:51 - INFO: The value found with Environment variable NSM is: NSM
2021-03-22 21:58:34 INFO  TestNGEngineForDesiredSuites:51 - INFO: The value found with Environment Module variable TMS20Admin is: TMS20Admin
2021-03-22 21:58:34 INFO  TestNGEngineForDesiredSuites:51 - The value found with Environment variable WIN_10_chrome_84 is: WIN_10_chrome_84
2021-03-22 21:58:35 INFO  TestNGEngineForDesiredSuites:51 - INFO: Clients Found: [NSM]

2021-03-22 21:58:35 INFO  TestNGEngineForDesiredSuites:51 - INFO: Modules Selected: [TMS20Admin]

2021-03-22 21:58:35 INFO  TestNGEngineForDesiredSuites:51 - INFO: New Suite Created with name: NSM-Sample-WIN_10_chrome_84
2021-03-22 21:58:35 INFO  TestNGEngineForDesiredSuites:51 - <?xml version="1.0" encoding="UTF-8"?>
<!DOCTYPE suite SYSTEM "http://testng.org/testng-1.0.dtd">
<suite name="NSM-Sample-WIN_10_chrome_84">
  <parameter name="os" value="WIN"/>
  <parameter name="osVersion" value="10"/>
  <parameter name="browser" value="chrome"/>
  <parameter name="browserVersion" value="84"/>
  <test thread-count="5" name="SampleTest">
    <classes>
      <class name="com.atmecs.tms20.testscript.ClientAdvanceSearch"/>
    </classes>
  </test> <!-- SampleTest -->
</suite> <!-- NSM-Sample-WIN_10_chrome_84 -->

2021-03-23 13:16:18 INFO  TestNGEngineForDesiredSuites:51 - INFO: The value found with Environment variable NSM is: NSM
2021-03-23 13:16:18 INFO  TestNGEngineForDesiredSuites:51 - INFO: The value found with Environment Module variable TMS20Admin is: TMS20Admin
2021-03-23 13:16:18 INFO  TestNGEngineForDesiredSuites:51 - The value found with Environment variable WIN_10_chrome_84 is: WIN_10_chrome_84
2021-03-23 13:16:21 INFO  TestNGEngineForDesiredSuites:51 - INFO: Clients Found: [NSM]

2021-03-23 13:16:21 INFO  TestNGEngineForDesiredSuites:51 - INFO: Modules Selected: [TMS20Admin]

2021-03-23 13:16:21 INFO  TestNGEngineForDesiredSuites:51 - INFO: New Suite Created with name: NSM-Sample-WIN_10_chrome_84
2021-03-23 13:16:21 INFO  TestNGEngineForDesiredSuites:51 - <?xml version="1.0" encoding="UTF-8"?>
<!DOCTYPE suite SYSTEM "http://testng.org/testng-1.0.dtd">
<suite name="NSM-Sample-WIN_10_chrome_84">
  <parameter name="os" value="WIN"/>
  <parameter name="osVersion" value="10"/>
  <parameter name="browser" value="chrome"/>
  <parameter name="browserVersion" value="84"/>
  <test thread-count="5" name="SampleTest">
    <classes>
      <class name="com.atmecs.tms20.testscript.ClientAdvanceSearch"/>
    </classes>
  </test> <!-- SampleTest -->
</suite> <!-- NSM-Sample-WIN_10_chrome_84 -->

